<?xml version="1.0" encoding="utf-8"?><testsuites name="pytest tests"><testsuite name="pytest" errors="0" failures="0" skipped="0" tests="10" time="7.889" timestamp="2026-04-19T21:56:55.676277+00:00" hostname="agent-env-fe2671cf-3b4b-4168-a547-024134b3cf0b"><testcase classname="backend.tests.test_takeaway_dinein" name="test_all_four_roles_login" time="1.619" /><testcase classname="backend.tests.test_takeaway_dinein" name="test_create_takeaway_bill" time="1.759" /><testcase classname="backend.tests.test_takeaway_dinein" name="test_create_dinein_bill" time="0.288" /><testcase classname="backend.tests.test_takeaway_dinein" name="test_dinein_missing_table_id_400" time="0.106" /><testcase classname="backend.tests.test_takeaway_dinein" name="test_list_bills_filter_order_type" time="0.243" /><testcase classname="backend.tests.test_takeaway_dinein" name="test_takeaway_full_pipeline" time="1.372" /><testcase classname="backend.tests.test_takeaway_dinein" name="test_dinein_full_pipeline" time="1.215" /><testcase classname="backend.tests.test_takeaway_dinein" name="test_tables_open_bill_attachment" time="0.850" /><testcase classname="backend.tests.test_takeaway_dinein" name="test_analytics_summary_and_csv" time="0.265" /><testcase classname="backend.tests.test_takeaway_dinein" name="test_cashier_totals" time="0.104" /></testsuite></testsuites>