<?xml version="1.0" encoding="utf-8"?><testsuites name="pytest tests"><testsuite name="pytest" errors="0" failures="0" skipped="0" tests="15" time="15.872" timestamp="2026-04-18T21:58:59.206803+00:00" hostname="agent-env-fe2671cf-3b4b-4168-a547-024134b3cf0b"><testcase classname="backend.tests.test_iteration3_api.TestTablesNaturalOrder" name="test_tables_sorted_by_sort_order" time="0.643" /><testcase classname="backend.tests.test_iteration3_api.TestStaffCRUD" name="test_list_staff_owner_only" time="0.921" /><testcase classname="backend.tests.test_iteration3_api.TestStaffCRUD" name="test_create_staff" time="0.851" /><testcase classname="backend.tests.test_iteration3_api.TestStaffCRUD" name="test_create_staff_requires_password" time="0.452" /><testcase classname="backend.tests.test_iteration3_api.TestStaffCRUD" name="test_update_staff_role" time="1.053" /><testcase classname="backend.tests.test_iteration3_api.TestStaffCRUD" name="test_delete_staff" time="0.953" /><testcase classname="backend.tests.test_iteration3_api.TestStaffCRUD" name="test_cannot_modify_owner_via_staff_endpoint" time="0.741" /><testcase classname="backend.tests.test_iteration3_api.TestBillCustomerMobile" name="test_create_bill_with_customer_mobile" time="1.159" /><testcase classname="backend.tests.test_iteration3_api.TestChefServedStatus" name="test_chef_status_served" time="1.954" /><testcase classname="backend.tests.test_iteration3_api.TestChefServedStatus" name="test_chef_status_ready_then_served" time="2.196" /><testcase classname="backend.tests.test_iteration3_api.TestCashierTotals" name="test_cashier_totals_endpoint" time="0.483" /><testcase classname="backend.tests.test_iteration3_api.TestCashierTotals" name="test_cashier_totals_owner_access" time="0.458" /><testcase classname="backend.tests.test_iteration3_api.TestCashierTotals" name="test_cashier_totals_captain_forbidden" time="0.456" /><testcase classname="backend.tests.test_iteration3_api.TestCashierTotals" name="test_close_day_idempotent" time="0.604" /><testcase classname="backend.tests.test_iteration3_api.TestEndToEndFlow" name="test_full_order_flow" time="2.713" /></testsuite></testsuites>