<?xml version="1.0" encoding="utf-8"?><testsuites name="pytest tests"><testsuite name="pytest" errors="0" failures="0" skipped="0" tests="33" time="79.207" timestamp="2026-04-17T20:54:51.987585+00:00" hostname="agent-env-fe2671cf-3b4b-4168-a547-024134b3cf0b"><testcase classname="backend.tests.test_bills_api.TestHealthCheck" name="test_api_root" time="0.277" /><testcase classname="backend.tests.test_bills_api.TestAuth" name="test_login_owner_success" time="0.340" /><testcase classname="backend.tests.test_bills_api.TestAuth" name="test_login_captain_success" time="0.352" /><testcase classname="backend.tests.test_bills_api.TestAuth" name="test_login_chef_success" time="0.332" /><testcase classname="backend.tests.test_bills_api.TestAuth" name="test_login_cashier_success" time="0.333" /><testcase classname="backend.tests.test_bills_api.TestAuth" name="test_login_customer_success" time="0.351" /><testcase classname="backend.tests.test_bills_api.TestAuth" name="test_login_legacy_staff_migrated_to_captain" time="0.335" /><testcase classname="backend.tests.test_bills_api.TestAuth" name="test_login_invalid_credentials" time="0.112" /><testcase classname="backend.tests.test_bills_api.TestTables" name="test_list_tables_returns_12_seeded" time="0.469" /><testcase classname="backend.tests.test_bills_api.TestTables" name="test_create_table_owner_only" time="1.215" /><testcase classname="backend.tests.test_bills_api.TestTables" name="test_update_table_owner_only" time="1.178" /><testcase classname="backend.tests.test_bills_api.TestTables" name="test_delete_table_owner_only" time="1.006" /><testcase classname="backend.tests.test_bills_api.TestBills" name="test_create_bill_captain" time="1.204" /><testcase classname="backend.tests.test_bills_api.TestBills" name="test_create_bill_returns_existing_open_bill" time="1.331" /><testcase classname="backend.tests.test_bills_api.TestBills" name="test_add_items_with_department_routing" time="1.403" /><testcase classname="backend.tests.test_bills_api.TestBills" name="test_send_kot_creates_batch" time="1.499" /><testcase classname="backend.tests.test_bills_api.TestBills" name="test_send_kot_second_batch" time="1.679" /><testcase classname="backend.tests.test_bills_api.TestBills" name="test_edit_item_qty_and_notes" time="1.493" /><testcase classname="backend.tests.test_bills_api.TestBills" name="test_edit_item_swap" time="1.526" /><testcase classname="backend.tests.test_bills_api.TestBills" name="test_delete_pending_item" time="1.514" /><testcase classname="backend.tests.test_bills_api.TestBills" name="test_delete_sent_item_marks_cancelled" time="1.594" /><testcase classname="backend.tests.test_bills_api.TestBills" name="test_chef_status_update" time="2.215" /><testcase classname="backend.tests.test_bills_api.TestBills" name="test_payment_by_cashier" time="37.609" /><testcase classname="backend.tests.test_bills_api.TestRBAC" name="test_captain_cannot_post_inventory" time="0.443" /><testcase classname="backend.tests.test_bills_api.TestRBAC" name="test_chef_cannot_post_payment" time="13.063" /><testcase classname="backend.tests.test_bills_api.TestRBAC" name="test_cashier_cannot_post_bills" time="1.280" /><testcase classname="backend.tests.test_bills_api.TestInventory" name="test_list_inventory_owner_captain" time="1.345" /><testcase classname="backend.tests.test_bills_api.TestInventory" name="test_inventory_crud_owner_only" time="1.022" /><testcase classname="backend.tests.test_bills_api.TestGuard" name="test_guard_check_allowed_when_disabled" time="0.479" /><testcase classname="backend.tests.test_bills_api.TestGuard" name="test_guard_check_owner_exempt" time="0.459" /><testcase classname="backend.tests.test_bills_api.TestAnalytics" name="test_analytics_summary_new_fields" time="0.443" /><testcase classname="backend.tests.test_bills_api.TestAnalytics" name="test_analytics_export_csv_bill_format" time="0.468" /><testcase classname="backend.tests.test_bills_api.TestSettings" name="test_settings_geofence_fields" time="0.708" /></testsuite></testsuites>